C51 COMPILER V9.57.0.0   BLUETOOTH                                                         09/11/2020 12:41:06 PAGE 1   


C51 COMPILER V9.57.0.0, COMPILATION OF MODULE BLUETOOTH
OBJECT MODULE PLACED IN d:\My\keilmake\C51\Other\Bluetooth\out\Keil_C51\Bluetooth_1.o
COMPILER INVOKED BY: D:\Maker\keil\C51\BIN\C51.exe d:\My\keilmake\C51\Other\Bluetooth\src\Source Group 1\Bluetooth.c PRI
                    -NT(d:\My\keilmake\C51\Other\Bluetooth\out\Keil_C51\Bluetooth_1.lst) OMF2 TABS(2) OPTIMIZE(8,SPEED) SMALL ROM(LARGE) INCD
                    -IR(d:\My\keilmake\C51\Other\Bluetooth\dependence;d:\My\keilmake\C51\Other\Bluetooth\src\Source Group 1;d:\My\keilmake\C5
                    -1\Other\Bluetooth\dependence\build-in\toolchain) DEFINE(DEBUG,__UVISION_VERSION) OBJECT(d:\My\keilmake\C51\Other\Bluetoo
                    -th\out\Keil_C51\Bluetooth_1.o)

line level    source

   1          #include "REG51.H"
   2          #define uint unsigned int
   3          #define uchar unsigned char
   4          
   5          sbit d1 = P2 ^ 1;
   6          sbit d2 = P2 ^ 2;
   7          
   8          uchar rec;
   9          
  10          void PORT_START()
  11          {
  12   1          TMOD = 0x20;
  13   1          PCON = 0x80;
  14   1          SCON = 0x50;
  15   1          TH1 = 0xf9;
  16   1          TL1 = 0xf9;
  17   1          TR1 = 1;
  18   1          ES = 1;
  19   1          EA = 1;
  20   1      }
  21          
  22          void port() interrupt 4
  23          {
  24   1      
  25   1          RI = 0;
  26   1          rec = SBUF;
  27   1          SBUF = rec + 0x01;
  28   1          rec -= 0x80;
  29   1      
  30   1          while (!TI);
  31   1          TI = 0;
  32   1      }
  33          void main()
  34          {
  35   1          PORT_START();
  36   1          rec = 0
  37   1          ;
  38   1          while (1)
  39   1          {
  40   2              switch (rec)
  41   2              {
  42   3                  case 1:d1 = ~d1; rec = 0;break;
  43   3                  // case 2:d1 = 1; rec = 0;break;
  44   3                  // case 3:led1 = ~led1;rec = 0;break;
  45   3                  // case 4:led1 = ~led1;rec = 0;break;
  46   3                  default:
  47   3                      break;
  48   3              }
  49   2          }
  50   1      }

C51 COMPILER V9.57.0.0   BLUETOOTH                                                         09/11/2020 12:41:06 PAGE 2   


MODULE INFORMATION:   STATIC OVERLAYABLE
   CODE SIZE        =     73    ----
   CONSTANT SIZE    =   ----    ----
   XDATA SIZE       =   ----    ----
   PDATA SIZE       =   ----    ----
   DATA SIZE        =      1    ----
   IDATA SIZE       =   ----    ----
   BIT SIZE         =   ----    ----
   EDATA SIZE       =   ----    ----
   HDATA SIZE       =   ----    ----
   XDATA CONST SIZE =   ----    ----
   FAR CONST SIZE   =   ----    ----
END OF MODULE INFORMATION.


C51 COMPILATION COMPLETE.  0 WARNING(S),  0 ERROR(S)
