
[4C4C4544-004B-4A10-8035-B3C04F4A5432] : log at : 2020/7/22|14:59:37|GMT+0800
[Hidden] : Not found invalid ARM GCC tool path\bin\arm-none-eabi-gcc.exe !



[4C4C4544-004B-4A10-8035-B3C04F4A5432] : log at : 2020/7/23|11:01:36|GMT+0800
[Hidden] : Not found invalid ARM GCC tool path\bin\arm-none-eabi-gcc.exe !



[4C4C4544-004B-4A10-8035-B3C04F4A5432] : log at : 2020/7/23|11:01:49|GMT+0800
[Hidden] : Not found invalid ARM GCC tool path\bin\arm-none-eabi-gcc.exe !



[4C4C4544-004B-4A10-8035-B3C04F4A5432] : log at : 2020/7/24|14:30:12|GMT+0800
[Hidden] : Not found invalid ARM GCC tool path\bin\arm-none-eabi-gcc.exe !



[4C4C4544-004B-4A10-8035-B3C04F4A5432] : log at : 2020/7/25|10:52:05|GMT+0800
[Hidden] : Not found invalid ARM GCC tool path\bin\arm-none-eabi-gcc.exe !



[4C4C4544-004B-4A10-8035-B3C04F4A5432] : log at : 2020/7/27|17:57:13|GMT+0800
[Hidden] : Not found invalid ARM GCC tool path\bin\arm-none-eabi-gcc.exe !



[4C4C4544-004B-4A10-8035-B3C04F4A5432] : log at : 2020/7/29|21:38:30|GMT+0800
[Hidden] : Not found invalid ARM GCC tool path\bin\arm-none-eabi-gcc.exe !



[4C4C4544-004B-4A10-8035-B3C04F4A5432] : log at : 2020/8/3|14:38:28|GMT+0800
[Hidden] : Not found D:\ARM-GCC\8 2019-q3-update\bin\arm-none-eabi-gcc.exe !



[4C4C4544-004B-4A10-8035-B3C04F4A5432] : log at : 2020/8/3|14:38:41|GMT+0800
[Hidden] : Not found D:\ARM-GCC\8 2019-q3-update\bin\arm-none-eabi-gcc.exe !


[Error] : ErrorError: write EPIPE
	at afterWriteDispatched (internal/stream_base_commons.js:146:25)
	at writeGeneric (internal/stream_base_commons.js:137:3)
	at Socket._writeGeneric (net.js:698:11)
	at Socket._write (net.js:710:8)
	at doWrite (_stream_writable.js:418:12)
	at writeOrBuffer (_stream_writable.js:402:5)
	at Socket.Writable.write (_stream_writable.js:302:11)
	at d.write (d:\Program Files\VSCode\Microsoft VS Code\resources\app\out\vs\workbench\services\extensions\node\extensionHostProcess.js:242:115)
	at m._writeNow (d:\Program Files\VSCode\Microsoft VS Code\resources\app\out\vs\workbench\services\extensions\node\extensionHostProcess.js:234:350)
	at Immediate.<anonymous> (d:\Program Files\VSCode\Microsoft VS Code\resources\app\out\vs\workbench\services\extensions\node\extensionHostProcess.js:234:288)
	at processImmediate (internal/timers.js:439:21)

[4C4C4544-004B-4A10-8035-B3C04F4A5432] : log at : 2020/8/30|13:40:59|GMT+0800
[Hidden] : Not found D:\ARM-GCC\8 2019-q3-update\bin\arm-none-eabi-gcc.exe !



[4C4C4544-004B-4A10-8035-B3C04F4A5432] : log at : 2020/8/30|20:18:12|GMT+0800
[Hidden] : Not found D:\ARM-GCC\8 2019-q3-update\bin\arm-none-eabi-gcc.exe !


